<?xml version="1.0" encoding="UTF-8"?>
<testsuite xmlns:xsi="http://www.w3.org/2001/XMLSchema-instance" xsi:noNamespaceSchemaLocation="https://maven.apache.org/surefire/maven-surefire-plugin/xsd/surefire-test-report-3.0.xsd" version="3.0" name="TestSuite" time="270.457" tests="3" errors="0" skipped="0" failures="1">
  <properties>
[...]
</properties>
  <testcase name="runScenario[&quot;Search Doctors&quot;, &quot;Practo&quot;](1)" classname="TestRunner.Runner" time="93.59">
    <system-out><![CDATA[
Scenario: Search Doctors                             &amp#27;[90m# FeatureFile/Hospitals.feature:3&amp#27;[0m
  &amp#27;[32mGiven &amp#27;[0m&amp#27;[32muser is on the practo site&amp#27;[0m                   &amp#27;[90m# StepDefination.DoctorSearch.user_is_on_the_practo_site()&amp#27;[0m

    Embedding Search Doctors [image/png 469618 bytes]

  &amp#27;[32mWhen &amp#27;[0m&amp#27;[32muser click Find doctors on the header section&amp#27;[0m &amp#27;[90m# StepDefination.DoctorSearch.user_click_find_doctors_on_the_header_section()&amp#27;[0m

    Embedding Search Doctors [image/png 279334 bytes]

  &amp#27;[32mAnd &amp#27;[0m&amp#27;[32muser search for specialization and city&amp#27;[0m        &amp#27;[90m# StepDefination.DoctorSearch.user_search_for_specialization_and_city()&amp#27;[0m

    Embedding Search Doctors [image/png 400094 bytes]

  &amp#27;[32mAnd &amp#27;[0m&amp#27;[32muser is Applying the filters&amp#27;[0m                   &amp#27;[90m# StepDefination.DoctorSearch.user_is_applying_the_filters()&amp#27;[0m

    Embedding Search Doctors [image/png 174005 bytes]

Top 5 Doctors:Wisden Clinics
2 Dentist
4 - 16 years experience
HSR Layout
₹350 - ₹700Consultation Fees
98%221 Patient Stories
***************************
Top 5 Doctors:Dr. Arati Sundar Rajan
Dentist
28 years experience overall
Basavanagudi,Bangalore  Toothwala
₹450 Consultation fee at clinic
97% 120 Patient Stories
***************************
Top 5 Doctors:Dr. Aman Sodhi
Dentist
24 years experience overall
Arekere,Bangalore  Dental Solutions Multi Speciality Dental Care Centre
₹400 Consultation fee at clinic
98% 359 Patient Stories
***************************
Top 5 Doctors:Dr. Sunila Sampath Kumar
Dentist
29 years experience overall
HSR Layout,Bangalore  Ritz Dental Speciality Centre
₹400 Consultation fee at clinic
94% 121 Patient Stories
***************************
Top 5 Doctors:Dr. Raadhikka Karthhik
Dentist
19 years experience overall
Yelahanka,Bangalore  Advanced Dental Care Centre
₹400 Consultation fee at clinic
96% 154 Patient Stories
***************************
  &amp#27;[32mThen &amp#27;[0m&amp#27;[32muser print top five doctor details&amp#27;[0m            &amp#27;[90m# StepDefination.DoctorSearch.user_print_top_five_doctor_details()&amp#27;[0m

    Embedding Search Doctors [image/png 174005 bytes]

]]></system-out>
    <system-err><![CDATA[Feb 26, 2024 5:11:16 PM org.openqa.selenium.devtools.CdpVersionFinder findNearestMatch
WARNING: Unable to find an exact match for CDP version 120, returning the closest version; found: 119; Please update to a Selenium version that supports CDP version 120
]]></system-err>
  </testcase>
  <testcase name="runScenario[&quot;Surgeries&quot;, &quot;Practo&quot;](2)" classname="TestRunner.Runner" time="15.212">
    <system-out><![CDATA[
Scenario: Surgeries                                           &amp#27;[90m# FeatureFile/Hospitals.feature:10&amp#27;[0m
  &amp#27;[32mGiven &amp#27;[0m&amp#27;[32muser is on the practo page&amp#27;[0m                            &amp#27;[90m# StepDefination.Surgeries.user_is_on_the_practo_page()&amp#27;[0m

    Embedding Surgeries [image/png 174005 bytes]

  &amp#27;[32mWhen &amp#27;[0m&amp#27;[32muser clicks on surgeris on header section&amp#27;[0m              &amp#27;[90m# StepDefination.Surgeries.user_clicks_on_surgeris_on_header_section()&amp#27;[0m

    Embedding Surgeries [image/png 662083 bytes]

  &amp#27;[32mAnd &amp#27;[0m&amp#27;[32muser scroll down the page to view the popular surgeries&amp#27;[0m &amp#27;[90m# StepDefination.Surgeries.user_scroll_down_the_page_to_view_the_popular_surgeries()&amp#27;[0m

    Embedding Surgeries [image/png 139150 bytes]

Piles
Hernia Treatment
Kidney Stone
Cataract
Circumcision
Lasik
Varicose Veins
Gallstone
Anal Fistula
Gynaecomastia
Anal Fissure
Lipoma Removal
Sebaceous cyst
Pilonidal Sinus
Lump in Breast
TURP
Hydrocele
Knee Replacement
Hair Transplant
  &amp#27;[32mThen &amp#27;[0m&amp#27;[32mstore all the surgeries in a List and display&amp#27;[0m          &amp#27;[90m# StepDefination.Surgeries.store_all_the_surgeries_in_a_list_and_display()&amp#27;[0m

    Embedding Surgeries [image/png 234719 bytes]

]]></system-out>
  </testcase>
  <testcase name="runScenario[&quot;For Corporate&quot;, &quot;Practo&quot;](3)" classname="TestRunner.Runner" time="108.781">
    <failure message="no such element: Unable to locate element: {&quot;method&quot;:&quot;xpath&quot;,&quot;selector&quot;:&quot;(//div[@class=&apos;u-text--bold text-alpha&apos;])[1]&quot;}&#10;  (Session info: chrome=120.0.6099.130)&#10;For documentation on this error, please visit: https://www.selenium.dev/documentation/webdriver/troubleshooting/errors#no-such-element-exception&#10;Build info: version: &apos;4.15.0&apos;, revision: &apos;1d14b5521b&apos;&#10;System info: os.name: &apos;Windows 11&apos;, os.arch: &apos;amd64&apos;, os.version: &apos;10.0&apos;, java.version: &apos;17.0.9&apos;&#10;Driver info: org.openqa.selenium.chrome.ChromeDriver&#10;Command: [844d1079c6e414625ca4849c226a549e, findElement {using=xpath, value=(//div[@class=&apos;u-text--bold text-alpha&apos;])[1]}]&#10;Capabilities {acceptInsecureCerts: false, browserName: chrome, browserVersion: 120.0.6099.130, chrome: {chromedriverVersion: 120.0.6099.109 (3419140ab66..., userDataDir: C:\Windows\SystemTemp\scope...}, fedcm:accounts: true, goog:chromeOptions: {debuggerAddress: localhost:61423}, networkConnectionEnabled: false, pageLoadStrategy: normal, platformName: windows, proxy: Proxy(), se:cdp: ws://localhost:61423/devtoo..., se:cdpVersion: 120.0.6099.130, setWindowRect: true, strictFileInteractability: false, timeouts: {implicit: 0, pageLoad: 300000, script: 30000}, unhandledPromptBehavior: dismiss and notify, webauthn:extension:credBlob: true, webauthn:extension:largeBlob: true, webauthn:extension:minPinLength: true, webauthn:extension:prf: true, webauthn:virtualAuthenticators: true}&#10;Session ID: 844d1079c6e414625ca4849c226a549e" type="org.openqa.selenium.NoSuchElementException"><![CDATA[org.openqa.selenium.NoSuchElementException: 
no such element: Unable to locate element: {"method":"xpath","selector":"(//div[@class='u-text--bold text-alpha'])[1]"}
  (Session info: chrome=120.0.6099.130)
For documentation on this error, please visit: https://www.selenium.dev/documentation/webdriver/troubleshooting/errors#no-such-element-exception
Build info: version: '4.15.0', revision: '1d14b5521b'
System info: os.name: 'Windows 11', os.arch: 'amd64', os.version: '10.0', java.version: '17.0.9'
Driver info: org.openqa.selenium.chrome.ChromeDriver
Command: [844d1079c6e414625ca4849c226a549e, findElement {using=xpath, value=(//div[@class='u-text--bold text-alpha'])[1]}]
Capabilities {acceptInsecureCerts: false, browserName: chrome, browserVersion: 120.0.6099.130, chrome: {chromedriverVersion: 120.0.6099.109 (3419140ab66..., userDataDir: C:\Windows\SystemTemp\scope...}, fedcm:accounts: true, goog:chromeOptions: {debuggerAddress: localhost:61423}, networkConnectionEnabled: false, pageLoadStrategy: normal, platformName: windows, proxy: Proxy(), se:cdp: ws://localhost:61423/devtoo..., se:cdpVersion: 120.0.6099.130, setWindowRect: true, strictFileInteractability: false, timeouts: {implicit: 0, pageLoad: 300000, script: 30000}, unhandledPromptBehavior: dismiss and notify, webauthn:extension:credBlob: true, webauthn:extension:largeBlob: true, webauthn:extension:minPinLength: true, webauthn:extension:prf: true, webauthn:virtualAuthenticators: true}
Session ID: 844d1079c6e414625ca4849c226a549e
	at java.base/jdk.internal.reflect.NativeConstructorAccessorImpl.newInstance0(Native Method)
	at java.base/jdk.internal.reflect.NativeConstructorAccessorImpl.newInstance(NativeConstructorAccessorImpl.java:77)
	at java.base/jdk.internal.reflect.DelegatingConstructorAccessorImpl.newInstance(DelegatingConstructorAccessorImpl.java:45)
	at java.base/java.lang.reflect.Constructor.newInstanceWithCaller(Constructor.java:499)
	at java.base/java.lang.reflect.Constructor.newInstance(Constructor.java:480)
	at org.openqa.selenium.remote.codec.w3c.W3CHttpResponseCodec.createException(W3CHttpResponseCodec.java:200)
	at org.openqa.selenium.remote.codec.w3c.W3CHttpResponseCodec.decode(W3CHttpResponseCodec.java:133)
	at org.openqa.selenium.remote.codec.w3c.W3CHttpResponseCodec.decode(W3CHttpResponseCodec.java:52)
	at org.openqa.selenium.remote.HttpCommandExecutor.execute(HttpCommandExecutor.java:191)
	at org.openqa.selenium.remote.service.DriverCommandExecutor.invokeExecute(DriverCommandExecutor.java:200)
	at org.openqa.selenium.remote.service.DriverCommandExecutor.execute(DriverCommandExecutor.java:175)
	at org.openqa.selenium.remote.RemoteWebDriver.execute(RemoteWebDriver.java:607)
	at org.openqa.selenium.remote.ElementLocation$ElementFinder$2.findElement(ElementLocation.java:165)
	at org.openqa.selenium.remote.ElementLocation.findElement(ElementLocation.java:59)
	at org.openqa.selenium.remote.RemoteWebDriver.findElement(RemoteWebDriver.java:364)
	at org.openqa.selenium.remote.RemoteWebDriver.findElement(RemoteWebDriver.java:358)
	at POM.Corporate.Proceedtosubmit(Corporate.java:150)
	at StepDefination.Forcorporate.print_the_thankyou_information_and_take_screenshot(Forcorporate.java:66)
	at ✽.print the Thankyou information and take screenshot(file:///C:/Users/2303909/eclipse-workspace/hacathonproject/./FeatureFile/Hospitals.feature:24)
]]></failure>
    <system-out><![CDATA[
Scenario: For Corporate                                      &amp#27;[90m# FeatureFile/Hospitals.feature:16&amp#27;[0m
  &amp#27;[32mGiven &amp#27;[0m&amp#27;[32muser is on the practo website&amp#27;[0m                        &amp#27;[90m# StepDefination.Forcorporate.user_is_on_the_practo_website()&amp#27;[0m

    Embedding For Corporate [image/png 234743 bytes]

  &amp#27;[32mWhen &amp#27;[0m&amp#27;[32muser clicks on corporate on the header section&amp#27;[0m        &amp#27;[90m# StepDefination.Forcorporate.user_clicks_on_corporate_on_the_header_section()&amp#27;[0m

    Embedding For Corporate [image/png 669494 bytes]

  &amp#27;[32mAnd &amp#27;[0m&amp#27;[32muser clicks on Health and Wellness plans&amp#27;[0m               &amp#27;[90m# StepDefination.Forcorporate.user_clicks_on_health_and_wellness_plans()&amp#27;[0m

    Embedding For Corporate [image/png 397170 bytes]

  &amp#27;[32mAnd &amp#27;[0m&amp#27;[32muser enter the invalid details in the schedule demo&amp#27;[0m    &amp#27;[90m# StepDefination.Forcorporate.user_enter_the_invalid_details_in_the_schedule_demo()&amp#27;[0m

    Embedding For Corporate [image/png 448918 bytes]

Schedule demo is disabled.
  &amp#27;[32mAnd &amp#27;[0m&amp#27;[32muser verify the schedule demo button is enabled or not&amp#27;[0m &amp#27;[90m# StepDefination.Forcorporate.user_verify_the_schedule_demo_button_is_enabled_or_not()&amp#27;[0m

    Embedding For Corporate [image/png 448918 bytes]

  &amp#27;[32mThen &amp#27;[0m&amp#27;[32muser enter the valid details&amp#27;[0m                          &amp#27;[90m# StepDefination.Forcorporate.user_enter_the_valid_details()&amp#27;[0m

    Embedding For Corporate [image/png 449980 bytes]

Schedule demo is enable.
  &amp#27;[32mAnd &amp#27;[0m&amp#27;[32mverify it is enabled or not and click the button&amp#27;[0m       &amp#27;[90m# StepDefination.Forcorporate.verify_it_is_enabled_or_not_and_click_the_button()&amp#27;[0m

    Embedding For Corporate [image/png 449948 bytes]

  &amp#27;[31mAnd &amp#27;[0m&amp#27;[31mprint the Thankyou information and take screenshot&amp#27;[0m     &amp#27;[90m# StepDefination.Forcorporate.print_the_thankyou_information_and_take_screenshot()&amp#27;[0m
      &amp#27;[31morg.openqa.selenium.NoSuchElementException: no such element: Unable to locate element: {"method":"xpath","selector":"(//div[@class='u-text--bold text-alpha'])[1]"}
  (Session info: chrome=120.0.6099.130)
For documentation on this error, please visit: https://www.selenium.dev/documentation/webdriver/troubleshooting/errors#no-such-element-exception
Build info: version: '4.15.0', revision: '1d14b5521b'
System info: os.name: 'Windows 11', os.arch: 'amd64', os.version: '10.0', java.version: '17.0.9'
Driver info: org.openqa.selenium.chrome.ChromeDriver
Command: [844d1079c6e414625ca4849c226a549e, findElement {using=xpath, value=(//div[@class='u-text--bold text-alpha'])[1]}]
Capabilities {acceptInsecureCerts: false, browserName: chrome, browserVersion: 120.0.6099.130, chrome: {chromedriverVersion: 120.0.6099.109 (3419140ab66..., userDataDir: C:\Windows\SystemTemp\scope...}, fedcm:accounts: true, goog:chromeOptions: {debuggerAddress: localhost:61423}, networkConnectionEnabled: false, pageLoadStrategy: normal, platformName: windows, proxy: Proxy(), se:cdp: ws://localhost:61423/devtoo..., se:cdpVersion: 120.0.6099.130, setWindowRect: true, strictFileInteractability: false, timeouts: {implicit: 0, pageLoad: 300000, script: 30000}, unhandledPromptBehavior: dismiss and notify, webauthn:extension:credBlob: true, webauthn:extension:largeBlob: true, webauthn:extension:minPinLength: true, webauthn:extension:prf: true, webauthn:virtualAuthenticators: true}
Session ID: 844d1079c6e414625ca4849c226a549e
	at java.base/jdk.internal.reflect.NativeConstructorAccessorImpl.newInstance0(Native Method)
	at java.base/jdk.internal.reflect.NativeConstructorAccessorImpl.newInstance(NativeConstructorAccessorImpl.java:77)
	at java.base/jdk.internal.reflect.DelegatingConstructorAccessorImpl.newInstance(DelegatingConstructorAccessorImpl.java:45)
	at java.base/java.lang.reflect.Constructor.newInstanceWithCaller(Constructor.java:499)
	at java.base/java.lang.reflect.Constructor.newInstance(Constructor.java:480)
	at org.openqa.selenium.remote.codec.w3c.W3CHttpResponseCodec.createException(W3CHttpResponseCodec.java:200)
	at org.openqa.selenium.remote.codec.w3c.W3CHttpResponseCodec.decode(W3CHttpResponseCodec.java:133)
	at org.openqa.selenium.remote.codec.w3c.W3CHttpResponseCodec.decode(W3CHttpResponseCodec.java:52)
	at org.openqa.selenium.remote.HttpCommandExecutor.execute(HttpCommandExecutor.java:191)
	at org.openqa.selenium.remote.service.DriverCommandExecutor.invokeExecute(DriverCommandExecutor.java:200)
	at org.openqa.selenium.remote.service.DriverCommandExecutor.execute(DriverCommandExecutor.java:175)
	at org.openqa.selenium.remote.RemoteWebDriver.execute(RemoteWebDriver.java:607)
	at org.openqa.selenium.remote.ElementLocation$ElementFinder$2.findElement(ElementLocation.java:165)
	at org.openqa.selenium.remote.ElementLocation.findElement(ElementLocation.java:59)
	at org.openqa.selenium.remote.RemoteWebDriver.findElement(RemoteWebDriver.java:364)
	at org.openqa.selenium.remote.RemoteWebDriver.findElement(RemoteWebDriver.java:358)
	at POM.Corporate.Proceedtosubmit(Corporate.java:150)
	at StepDefination.Forcorporate.print_the_thankyou_information_and_take_screenshot(Forcorporate.java:66)
	at âœ½.print the Thankyou information and take screenshot(file:///C:/Users/2303909/eclipse-workspace/hacathonproject/./FeatureFile/Hospitals.feature:24)
&amp#27;[0m

    Embedding For Corporate [image/png 677763 bytes]

]]></system-out>
  </testcase>
</testsuite>