<?xml version="1.0" encoding="UTF-8"?>
<testng-results ignored="0" total="22" passed="22" failed="0" skipped="0">
  <reporter-output>
  </reporter-output>
  <suite started-at="2024-02-29T14:09:41 IST" name="Default suite" finished-at="2024-02-29T14:23:25 IST" duration-ms="823988">
    <groups>
      <group name="cucumber">
        <method signature="AbstractTestNGCucumberTests.runScenario(io.cucumber.testng.PickleWrapper,io.cucumber.testng.FeatureWrapper)[pri:0, instance:TestRunner.Runner@5677323c]" name="runScenario" class="io.cucumber.testng.AbstractTestNGCucumberTests"/>
      </group> <!-- cucumber -->
    </groups>
    <test started-at="2024-02-29T14:09:41 IST" name="Default test" finished-at="2024-02-29T14:23:25 IST" duration-ms="823988">
      <class name="TestRunner.Runner">
        <test-method is-config="true" signature="setUpClass(org.testng.ITestContext)[pri:0, instance:TestRunner.Runner@5677323c]" started-at="2024-02-29T14:09:41 IST" name="setUpClass" finished-at="2024-02-29T14:09:44 IST" duration-ms="2674" status="PASS">
          <params>
            <param index="0">
              <value>
                <![CDATA[org.testng.TestRunner@56a34c0e]]>
              </value>
            </param>
          </params>
          <reporter-output>
          </reporter-output>
        </test-method> <!-- setUpClass -->
        <test-method signature="runScenario(io.cucumber.testng.PickleWrapper,io.cucumber.testng.FeatureWrapper)[pri:0, instance:TestRunner.Runner@5677323c]" started-at="2024-02-29T14:09:44 IST" name="runScenario" description="Runs Cucumber Scenarios" data-provider="scenarios" finished-at="2024-02-29T14:10:52 IST" duration-ms="67743" status="PASS">
          <params>
            <param index="0">
              <value>
                <![CDATA["Search Doctors"]]>
              </value>
            </param>
            <param index="1">
              <value>
                <![CDATA["Practo"]]>
              </value>
            </param>
          </params>
          <reporter-output>
          </reporter-output>
        </test-method> <!-- runScenario -->
        <test-method signature="runScenario(io.cucumber.testng.PickleWrapper,io.cucumber.testng.FeatureWrapper)[pri:0, instance:TestRunner.Runner@5677323c]" started-at="2024-02-29T14:10:52 IST" name="runScenario" description="Runs Cucumber Scenarios" data-provider="scenarios" finished-at="2024-02-29T14:11:20 IST" duration-ms="27910" status="PASS">
          <params>
            <param index="0">
              <value>
                <![CDATA["Surgeries"]]>
              </value>
            </param>
            <param index="1">
              <value>
                <![CDATA["Practo"]]>
              </value>
            </param>
          </params>
          <reporter-output>
          </reporter-output>
        </test-method> <!-- runScenario -->
        <test-method signature="runScenario(io.cucumber.testng.PickleWrapper,io.cucumber.testng.FeatureWrapper)[pri:0, instance:TestRunner.Runner@5677323c]" started-at="2024-02-29T14:11:20 IST" name="runScenario" description="Runs Cucumber Scenarios" data-provider="scenarios" finished-at="2024-02-29T14:12:13 IST" duration-ms="53205" status="PASS">
          <params>
            <param index="0">
              <value>
                <![CDATA["For Corporate"]]>
              </value>
            </param>
            <param index="1">
              <value>
                <![CDATA["Practo"]]>
              </value>
            </param>
          </params>
          <reporter-output>
          </reporter-output>
        </test-method> <!-- runScenario -->
        <test-method signature="runScenario(io.cucumber.testng.PickleWrapper,io.cucumber.testng.FeatureWrapper)[pri:0, instance:TestRunner.Runner@5677323c]" started-at="2024-02-29T14:12:13 IST" name="runScenario" description="Runs Cucumber Scenarios" data-provider="scenarios" finished-at="2024-02-29T14:12:28 IST" duration-ms="15437" status="PASS">
          <params>
            <param index="0">
              <value>
                <![CDATA["Validate the practo page"]]>
              </value>
            </param>
            <param index="1">
              <value>
                <![CDATA["Regression Testing"]]>
              </value>
            </param>
          </params>
          <reporter-output>
          </reporter-output>
        </test-method> <!-- runScenario -->
        <test-method signature="runScenario(io.cucumber.testng.PickleWrapper,io.cucumber.testng.FeatureWrapper)[pri:0, instance:TestRunner.Runner@5677323c]" started-at="2024-02-29T14:12:28 IST" name="runScenario" description="Runs Cucumber Scenarios" data-provider="scenarios" finished-at="2024-02-29T14:12:57 IST" duration-ms="29033" status="PASS">
          <params>
            <param index="0">
              <value>
                <![CDATA["Applying gender filter"]]>
              </value>
            </param>
            <param index="1">
              <value>
                <![CDATA["Regression Testing"]]>
              </value>
            </param>
          </params>
          <reporter-output>
          </reporter-output>
        </test-method> <!-- runScenario -->
        <test-method signature="runScenario(io.cucumber.testng.PickleWrapper,io.cucumber.testng.FeatureWrapper)[pri:0, instance:TestRunner.Runner@5677323c]" started-at="2024-02-29T14:12:57 IST" name="runScenario" description="Runs Cucumber Scenarios" data-provider="scenarios" finished-at="2024-02-29T14:13:28 IST" duration-ms="30859" status="PASS">
          <params>
            <param index="0">
              <value>
                <![CDATA["Applying patientStories"]]>
              </value>
            </param>
            <param index="1">
              <value>
                <![CDATA["Regression Testing"]]>
              </value>
            </param>
          </params>
          <reporter-output>
          </reporter-output>
        </test-method> <!-- runScenario -->
        <test-method signature="runScenario(io.cucumber.testng.PickleWrapper,io.cucumber.testng.FeatureWrapper)[pri:0, instance:TestRunner.Runner@5677323c]" started-at="2024-02-29T14:13:28 IST" name="runScenario" description="Runs Cucumber Scenarios" data-provider="scenarios" finished-at="2024-02-29T14:13:58 IST" duration-ms="29931" status="PASS">
          <params>
            <param index="0">
              <value>
                <![CDATA["Applying experience"]]>
              </value>
            </param>
            <param index="1">
              <value>
                <![CDATA["Regression Testing"]]>
              </value>
            </param>
          </params>
          <reporter-output>
          </reporter-output>
        </test-method> <!-- runScenario -->
        <test-method signature="runScenario(io.cucumber.testng.PickleWrapper,io.cucumber.testng.FeatureWrapper)[pri:0, instance:TestRunner.Runner@5677323c]" started-at="2024-02-29T14:13:58 IST" name="runScenario" description="Runs Cucumber Scenarios" data-provider="scenarios" finished-at="2024-02-29T14:14:35 IST" duration-ms="37118" status="PASS">
          <params>
            <param index="0">
              <value>
                <![CDATA["Applying Fees and Availability"]]>
              </value>
            </param>
            <param index="1">
              <value>
                <![CDATA["Regression Testing"]]>
              </value>
            </param>
          </params>
          <reporter-output>
          </reporter-output>
        </test-method> <!-- runScenario -->
        <test-method signature="runScenario(io.cucumber.testng.PickleWrapper,io.cucumber.testng.FeatureWrapper)[pri:0, instance:TestRunner.Runner@5677323c]" started-at="2024-02-29T14:14:35 IST" name="runScenario" description="Runs Cucumber Scenarios" data-provider="scenarios" finished-at="2024-02-29T14:15:10 IST" duration-ms="34742" status="PASS">
          <params>
            <param index="0">
              <value>
                <![CDATA["Applying Relevance"]]>
              </value>
            </param>
            <param index="1">
              <value>
                <![CDATA["Regression Testing"]]>
              </value>
            </param>
          </params>
          <reporter-output>
          </reporter-output>
        </test-method> <!-- runScenario -->
        <test-method signature="runScenario(io.cucumber.testng.PickleWrapper,io.cucumber.testng.FeatureWrapper)[pri:0, instance:TestRunner.Runner@5677323c]" started-at="2024-02-29T14:15:10 IST" name="runScenario" description="Runs Cucumber Scenarios" data-provider="scenarios" finished-at="2024-02-29T14:15:31 IST" duration-ms="21097" status="PASS">
          <params>
            <param index="0">
              <value>
                <![CDATA["Navigate to surgeries page in practo website"]]>
              </value>
            </param>
            <param index="1">
              <value>
                <![CDATA["Regression Testing"]]>
              </value>
            </param>
          </params>
          <reporter-output>
          </reporter-output>
        </test-method> <!-- runScenario -->
        <test-method signature="runScenario(io.cucumber.testng.PickleWrapper,io.cucumber.testng.FeatureWrapper)[pri:0, instance:TestRunner.Runner@5677323c]" started-at="2024-02-29T14:15:31 IST" name="runScenario" description="Runs Cucumber Scenarios" data-provider="scenarios" finished-at="2024-02-29T14:15:53 IST" duration-ms="22393" status="PASS">
          <params>
            <param index="0">
              <value>
                <![CDATA["Print the Popular surgeries"]]>
              </value>
            </param>
            <param index="1">
              <value>
                <![CDATA["Regression Testing"]]>
              </value>
            </param>
          </params>
          <reporter-output>
          </reporter-output>
        </test-method> <!-- runScenario -->
        <test-method signature="runScenario(io.cucumber.testng.PickleWrapper,io.cucumber.testng.FeatureWrapper)[pri:0, instance:TestRunner.Runner@5677323c]" started-at="2024-02-29T14:15:53 IST" name="runScenario" description="Runs Cucumber Scenarios" data-provider="scenarios" finished-at="2024-02-29T14:16:21 IST" duration-ms="27315" status="PASS">
          <params>
            <param index="0">
              <value>
                <![CDATA["Corporate Health and Wellness Form Validation without providing name"]]>
              </value>
            </param>
            <param index="1">
              <value>
                <![CDATA["Regression Testing"]]>
              </value>
            </param>
          </params>
          <reporter-output>
          </reporter-output>
        </test-method> <!-- runScenario -->
        <test-method signature="runScenario(io.cucumber.testng.PickleWrapper,io.cucumber.testng.FeatureWrapper)[pri:0, instance:TestRunner.Runner@5677323c]" started-at="2024-02-29T14:16:21 IST" name="runScenario" description="Runs Cucumber Scenarios" data-provider="scenarios" finished-at="2024-02-29T14:16:53 IST" duration-ms="32556" status="PASS">
          <params>
            <param index="0">
              <value>
                <![CDATA["Corporate Health and Wellness Form Validation without providing Organization name"]]>
              </value>
            </param>
            <param index="1">
              <value>
                <![CDATA["Regression Testing"]]>
              </value>
            </param>
          </params>
          <reporter-output>
          </reporter-output>
        </test-method> <!-- runScenario -->
        <test-method signature="runScenario(io.cucumber.testng.PickleWrapper,io.cucumber.testng.FeatureWrapper)[pri:0, instance:TestRunner.Runner@5677323c]" started-at="2024-02-29T14:16:53 IST" name="runScenario" description="Runs Cucumber Scenarios" data-provider="scenarios" finished-at="2024-02-29T14:17:24 IST" duration-ms="30267" status="PASS">
          <params>
            <param index="0">
              <value>
                <![CDATA["Corporate Health and Wellness Form Validation wrongly providing Contact Number"]]>
              </value>
            </param>
            <param index="1">
              <value>
                <![CDATA["Regression Testing"]]>
              </value>
            </param>
          </params>
          <reporter-output>
          </reporter-output>
        </test-method> <!-- runScenario -->
        <test-method signature="runScenario(io.cucumber.testng.PickleWrapper,io.cucumber.testng.FeatureWrapper)[pri:0, instance:TestRunner.Runner@5677323c]" started-at="2024-02-29T14:17:24 IST" name="runScenario" description="Runs Cucumber Scenarios" data-provider="scenarios" finished-at="2024-02-29T14:17:55 IST" duration-ms="31229" status="PASS">
          <params>
            <param index="0">
              <value>
                <![CDATA["Corporate Health and Wellness Form Validation wrongly providing Email Id"]]>
              </value>
            </param>
            <param index="1">
              <value>
                <![CDATA["Regression Testing"]]>
              </value>
            </param>
          </params>
          <reporter-output>
          </reporter-output>
        </test-method> <!-- runScenario -->
        <test-method signature="runScenario(io.cucumber.testng.PickleWrapper,io.cucumber.testng.FeatureWrapper)[pri:0, instance:TestRunner.Runner@5677323c]" started-at="2024-02-29T14:17:55 IST" name="runScenario" description="Runs Cucumber Scenarios" data-provider="scenarios" finished-at="2024-02-29T14:18:42 IST" duration-ms="46814" status="PASS">
          <params>
            <param index="0">
              <value>
                <![CDATA["Corporate Health and Wellness Form Validation with valid details"]]>
              </value>
            </param>
            <param index="1">
              <value>
                <![CDATA["Regression Testing"]]>
              </value>
            </param>
          </params>
          <reporter-output>
          </reporter-output>
        </test-method> <!-- runScenario -->
        <test-method signature="runScenario(io.cucumber.testng.PickleWrapper,io.cucumber.testng.FeatureWrapper)[pri:0, instance:TestRunner.Runner@5677323c]" started-at="2024-02-29T14:18:42 IST" name="runScenario" description="Runs Cucumber Scenarios" data-provider="scenarios" finished-at="2024-02-29T14:19:15 IST" duration-ms="33290" status="PASS">
          <params>
            <param index="0">
              <value>
                <![CDATA["Search for dentist in bangalore location in practo website"]]>
              </value>
            </param>
            <param index="1">
              <value>
                <![CDATA["Smoke Testing"]]>
              </value>
            </param>
          </params>
          <reporter-output>
          </reporter-output>
        </test-method> <!-- runScenario -->
        <test-method signature="runScenario(io.cucumber.testng.PickleWrapper,io.cucumber.testng.FeatureWrapper)[pri:0, instance:TestRunner.Runner@5677323c]" started-at="2024-02-29T14:19:15 IST" name="runScenario" description="Runs Cucumber Scenarios" data-provider="scenarios" finished-at="2024-02-29T14:19:36 IST" duration-ms="21095" status="PASS">
          <params>
            <param index="0">
              <value>
                <![CDATA["Validate the Surgeries Page"]]>
              </value>
            </param>
            <param index="1">
              <value>
                <![CDATA["Smoke Testing"]]>
              </value>
            </param>
          </params>
          <reporter-output>
          </reporter-output>
        </test-method> <!-- runScenario -->
        <test-method signature="runScenario(io.cucumber.testng.PickleWrapper,io.cucumber.testng.FeatureWrapper)[pri:0, instance:TestRunner.Runner@5677323c]" started-at="2024-02-29T14:19:36 IST" name="runScenario" description="Runs Cucumber Scenarios" data-provider="scenarios" finished-at="2024-02-29T14:19:59 IST" duration-ms="22677" status="PASS">
          <params>
            <param index="0">
              <value>
                <![CDATA["View the Popular surgeries in the surgeries Page"]]>
              </value>
            </param>
            <param index="1">
              <value>
                <![CDATA["Smoke Testing"]]>
              </value>
            </param>
          </params>
          <reporter-output>
          </reporter-output>
        </test-method> <!-- runScenario -->
        <test-method signature="runScenario(io.cucumber.testng.PickleWrapper,io.cucumber.testng.FeatureWrapper)[pri:0, instance:TestRunner.Runner@5677323c]" started-at="2024-02-29T14:19:59 IST" name="runScenario" description="Runs Cucumber Scenarios" data-provider="scenarios" finished-at="2024-02-29T14:20:25 IST" duration-ms="26553" status="PASS">
          <params>
            <param index="0">
              <value>
                <![CDATA["Store and print the Popular surgeries"]]>
              </value>
            </param>
            <param index="1">
              <value>
                <![CDATA["Smoke Testing"]]>
              </value>
            </param>
          </params>
          <reporter-output>
          </reporter-output>
        </test-method> <!-- runScenario -->
        <test-method signature="runScenario(io.cucumber.testng.PickleWrapper,io.cucumber.testng.FeatureWrapper)[pri:0, instance:TestRunner.Runner@5677323c]" started-at="2024-02-29T14:20:25 IST" name="runScenario" description="Runs Cucumber Scenarios" data-provider="scenarios" finished-at="2024-02-29T14:20:54 IST" duration-ms="28353" status="PASS">
          <params>
            <param index="0">
              <value>
                <![CDATA["Validation with invalid email and number"]]>
              </value>
            </param>
            <param index="1">
              <value>
                <![CDATA["Smoke Testing"]]>
              </value>
            </param>
          </params>
          <reporter-output>
          </reporter-output>
        </test-method> <!-- runScenario -->
        <test-method signature="runScenario(io.cucumber.testng.PickleWrapper,io.cucumber.testng.FeatureWrapper)[pri:0, instance:TestRunner.Runner@5677323c]" started-at="2024-02-29T14:20:54 IST" name="runScenario" description="Runs Cucumber Scenarios" data-provider="scenarios" finished-at="2024-02-29T14:21:43 IST" duration-ms="49745" status="PASS">
          <params>
            <param index="0">
              <value>
                <![CDATA["Validation with valid Details"]]>
              </value>
            </param>
            <param index="1">
              <value>
                <![CDATA["Smoke Testing"]]>
              </value>
            </param>
          </params>
          <reporter-output>
          </reporter-output>
        </test-method> <!-- runScenario -->
        <test-method is-config="true" signature="tearDownClass()[pri:0, instance:TestRunner.Runner@5677323c]" started-at="2024-02-29T14:21:43 IST" name="tearDownClass" finished-at="2024-02-29T14:23:25 IST" duration-ms="101827" status="PASS">
          <reporter-output>
          </reporter-output>
        </test-method> <!-- tearDownClass -->
      </class> <!-- TestRunner.Runner -->
    </test> <!-- Default test -->
  </suite> <!-- Default suite -->
</testng-results>
